<?xml version="1.0" encoding="UTF-8"?>
<testng-results skipped="0" failed="0" ignored="0" total="1" passed="1">
  <reporter-output>
  </reporter-output>
  <suite name="Default suite" duration-ms="7744" started-at="2019-03-15T20:06:33Z" finished-at="2019-03-15T20:06:41Z">
    <groups>
    </groups>
    <test name="Default test" duration-ms="7744" started-at="2019-03-15T20:06:33Z" finished-at="2019-03-15T20:06:41Z">
      <class name="demo.Test1">
        <test-method status="PASS" signature="setUp()[pri:0, instance:demo.Test1@1e88b3c]" name="setUp" is-config="true" duration-ms="3372" started-at="2019-03-15T20:06:33Z" finished-at="2019-03-15T20:06:37Z">
          <reporter-output>
          </reporter-output>
        </test-method> <!-- setUp -->
        <test-method status="PASS" signature="test1()[pri:0, instance:demo.Test1@1e88b3c]" name="test1" duration-ms="3654" started-at="2019-03-15T20:06:37Z" finished-at="2019-03-15T20:06:40Z">
          <reporter-output>
          </reporter-output>
        </test-method> <!-- test1 -->
        <test-method status="PASS" signature="tearDown()[pri:0, instance:demo.Test1@1e88b3c]" name="tearDown" is-config="true" duration-ms="696" started-at="2019-03-15T20:06:40Z" finished-at="2019-03-15T20:06:41Z">
          <reporter-output>
          </reporter-output>
        </test-method> <!-- tearDown -->
      </class> <!-- demo.Test1 -->
    </test> <!-- Default test -->
  </suite> <!-- Default suite -->
</testng-results>
