<?xml version="1.0" encoding="UTF-8"?>
<!-- Generated by org.testng.reporters.JUnitXMLReporter -->
<testsuite hostname="DESKTOP-4RPF8CS" ignored="2" name="Test1" tests="2" failures="0" timestamp="14 Mar 2019 20:18:59 GMT" time="0.055" errors="0">
  <testcase name="test1" time="0.014" classname="demo.TestNGGroupsDemo"/>
  <testcase name="test2" time="0.002" classname="demo.TestNGGroupsDemo"/>
  <testcase name="test3" time="0.0" classname="demo.TestNGGroupsDemo">
    <ignored/>
  </testcase> <!-- test3 -->
  <testcase name="test4" time="0.0" classname="demo.TestNGGroupsDemo">
    <ignored/>
  </testcase> <!-- test4 -->
</testsuite> <!-- Test1 -->
